05/09/2025 11:25:33 - INFO - *************************Test Login Page**********************
05/09/2025 11:25:33 - INFO - *************************Started******************************
05/09/2025 11:25:34 - INFO - ***********************HomePage Title is Verified***************
05/09/2025 11:25:43 - INFO - ***********************Login Credentials are Verified***************
05/09/2025 11:57:58 - INFO - *************************Test Login Page**********************
05/09/2025 11:57:58 - INFO - *************************Started******************************
05/09/2025 11:57:59 - INFO - ***********************HomePage Title is Verified***************
05/09/2025 11:58:08 - INFO - ***********************Login Credentials are Verified***************
05/09/2025 11:59:12 - INFO - *************************Test Login Page**********************
05/09/2025 11:59:12 - INFO - *************************Started******************************
05/09/2025 11:59:14 - INFO - ***********************HomePage Title is Verified***************
05/09/2025 12:01:09 - INFO - *************************Test Login Page**********************
05/09/2025 12:01:09 - INFO - *************************Started******************************
05/09/2025 12:01:10 - INFO - ***********************HomePage Title is Verified***************
05/09/2025 12:05:52 - INFO - *************************Test Login Page**********************
05/09/2025 12:05:52 - INFO - *************************Started******************************
05/09/2025 12:07:36 - INFO - *************************Test Login Page**********************
05/09/2025 12:07:36 - INFO - *************************Started******************************
05/09/2025 12:07:37 - INFO - ***********************HomePage Title is Verified***************
05/09/2025 12:07:46 - INFO - ***********************Login Credentials are Verified***************
05/09/2025 12:08:00 - INFO - *************************Test Login Page**********************
05/09/2025 12:08:00 - INFO - *************************Started******************************
05/09/2025 12:12:18 - INFO - *************************Test Login Page**********************
05/09/2025 12:12:18 - INFO - *************************Started******************************
05/09/2025 12:12:20 - INFO - ***********************HomePage Title is Verified***************
05/09/2025 12:12:35 - INFO - ***********************Login Credentials are Verified***************
05/09/2025 12:15:07 - INFO - *************************Test Login Page**********************
05/09/2025 12:15:07 - INFO - *************************Started******************************
05/09/2025 12:15:08 - INFO - ***********************HomePage Title is Verified***************
05/09/2025 12:15:15 - INFO - ***********************Login Credentials are Verified***************
05/09/2025 12:24:13 - INFO - *************************Test Login Page**********************
05/09/2025 12:24:13 - INFO - *************************Started******************************
05/09/2025 12:24:15 - INFO - ***********************HomePage Title is Verified***************
05/09/2025 12:24:27 - INFO - ***********************Login Credentials are Verified***************
05/09/2025 12:43:47 - INFO - *************************Test Login Page**********************
05/09/2025 12:43:47 - INFO - *************************Started******************************
05/09/2025 12:43:48 - INFO - ***********************HomePage Title is Verified***************
05/09/2025 12:43:56 - INFO - ***********************Login Credentials are Verified***************
05/09/2025 12:56:40 - INFO - *************************Test Login Page**********************
05/09/2025 12:56:40 - INFO - *************************Started******************************
05/09/2025 12:56:42 - INFO - ***********************HomePage Title is Verified***************
05/09/2025 12:56:53 - INFO - ***********************Login Credentials are Verified***************
05/09/2025 12:59:23 - INFO - *************************Test Login Page**********************
05/09/2025 12:59:23 - INFO - *************************Started******************************
05/09/2025 12:59:24 - INFO - ***********************HomePage Title is Verified***************
05/09/2025 12:59:35 - INFO - ***********************Login Credentials are Verified***************
05/09/2025 13:03:46 - INFO - *************************Test Login Page**********************
05/09/2025 13:03:46 - INFO - *************************Started******************************
05/09/2025 13:03:46 - INFO - ***********************HomePage Title is Verified***************
05/09/2025 13:03:59 - INFO - ***********************Login Credentials are Verified***************
05/09/2025 13:04:54 - INFO - *************************Test Login Page**********************
05/09/2025 13:04:54 - INFO - *************************Started******************************
05/09/2025 13:04:55 - INFO - ***********************HomePage Title is Verified***************
05/09/2025 13:05:08 - INFO - ***********************Login Credentials are Verified***************
05/09/2025 13:14:08 - INFO - *************************Test Login Page**********************
05/09/2025 13:14:08 - INFO - *************************Started******************************
05/09/2025 13:14:09 - INFO - ***********************HomePage Title is Verified***************
05/09/2025 13:14:20 - INFO - ***********************Login Credentials are Verified***************
05/09/2025 16:55:38 - INFO - *********************Test_002_LoginPageDD************************
05/09/2025 16:56:11 - INFO - *********************Test_002_LoginPageDD************************
05/09/2025 16:56:51 - INFO - *********************Test_002_LoginPageDD************************
05/09/2025 16:56:57 - INFO - **Pass**
05/09/2025 16:57:06 - INFO - **Pass**
05/09/2025 17:03:09 - INFO - *********************Test_002_LoginPageDD************************
05/09/2025 17:03:18 - INFO - **Pass**
05/09/2025 17:03:26 - INFO - **Pass**
05/09/2025 17:06:24 - INFO - *********************Test_002_LoginPageDD************************
05/09/2025 17:06:32 - INFO - **Pass**
05/09/2025 17:06:41 - INFO - **Pass**
05/09/2025 17:06:47 - INFO - **Pass**
05/09/2025 17:06:54 - INFO - **Pass**
05/09/2025 17:06:54 - INFO - **Test_DD Passed**
08/09/2025 10:05:33 - INFO - *********************Test_002_LoginPageDD************************
08/09/2025 10:05:41 - INFO - **Pass**
08/09/2025 10:05:49 - INFO - **Pass**
08/09/2025 10:05:55 - INFO - **Pass**
08/09/2025 10:06:01 - INFO - **Pass**
08/09/2025 10:06:01 - INFO - **Test_DD Passed**
08/09/2025 14:49:32 - INFO - *********************Test_002_LoginPageDD************************
08/09/2025 14:49:47 - INFO - **Pass**
11/09/2025 10:57:14 - INFO - *************************Test Login Page**********************
11/09/2025 10:57:14 - INFO - *************************Started******************************
11/09/2025 10:57:15 - INFO - ***********************HomePage Title is Verified***************
11/09/2025 10:57:23 - INFO - ***********************Login Credentials are Verified***************
11/09/2025 10:58:10 - INFO - *********************Test_002_LoginPageDD************************
11/09/2025 10:58:15 - INFO - **Pass**
11/09/2025 10:58:22 - INFO - **Pass**
11/09/2025 10:58:28 - INFO - **Pass**
11/09/2025 10:58:33 - INFO - **Pass**
11/09/2025 10:58:33 - INFO - **Test_DD Passed**
